TN:
SF:src/commands/check.js
FN:20,executeCommitCheck
FN:48,executeMergeCheck
FN:61,(anonymous_2)
FN:76,executeFullCheck
FN:97,executeCheck
FN:130,formatCheckReport
FN:158,formatCommitCheckResult
FN:197,formatMergeCheckResult
FN:237,configureCheckCommand
FN:243,(anonymous_9)
FNF:10
FNH:0
FNDA:0,executeCommitCheck
FNDA:0,executeMergeCheck
FNDA:0,(anonymous_2)
FNDA:0,executeFullCheck
FNDA:0,executeCheck
FNDA:0,formatCheckReport
FNDA:0,formatCommitCheckResult
FNDA:0,formatMergeCheckResult
FNDA:0,configureCheckCommand
FNDA:0,(anonymous_9)
DA:5,0
DA:6,0
DA:11,0
DA:12,0
DA:13,0
DA:21,0
DA:23,0
DA:26,0
DA:32,0
DA:34,0
DA:49,0
DA:52,0
DA:61,0
DA:63,0
DA:65,0
DA:77,0
DA:82,0
DA:98,0
DA:102,0
DA:104,0
DA:105,0
DA:107,0
DA:108,0
DA:110,0
DA:111,0
DA:113,0
DA:117,0
DA:118,0
DA:119,0
DA:122,0
DA:131,0
DA:133,0
DA:134,0
DA:135,0
DA:137,0
DA:138,0
DA:140,0
DA:141,0
DA:142,0
DA:143,0
DA:144,0
DA:146,0
DA:147,0
DA:150,0
DA:159,0
DA:161,0
DA:162,0
DA:164,0
DA:165,0
DA:167,0
DA:169,0
DA:170,0
DA:173,0
DA:177,0
DA:178,0
DA:179,0
DA:180,0
DA:182,0
DA:183,0
DA:184,0
DA:189,0
DA:198,0
DA:200,0
DA:201,0
DA:202,0
DA:204,0
DA:205,0
DA:207,0
DA:210,0
DA:211,0
DA:212,0
DA:213,0
DA:215,0
DA:218,0
DA:219,0
DA:220,0
DA:221,0
DA:223,0
DA:224,0
DA:228,0
DA:231,0
DA:238,0
DA:244,0
DA:245,0
DA:246,0
DA:249,0
DA:250,0
DA:251,0
DA:252,0
DA:253,0
DA:255,0
DA:258,0
DA:259,0
DA:262,0
DA:263,0
DA:268,0
LF:96
LH:0
BRDA:21,0,0,0
BRDA:49,1,0,0
BRDA:98,2,0,0
BRDA:98,3,0,0
BRDA:98,4,0,0
BRDA:102,5,0,0
BRDA:102,5,1,0
BRDA:102,5,2,0
BRDA:102,5,3,0
BRDA:117,6,0,0
BRDA:117,6,1,0
BRDA:133,7,0,0
BRDA:133,7,1,0
BRDA:142,8,0,0
BRDA:142,8,1,0
BRDA:164,9,0,0
BRDA:164,9,1,0
BRDA:177,10,0,0
BRDA:177,10,1,0
BRDA:179,11,0,0
BRDA:179,11,1,0
BRDA:204,12,0,0
BRDA:204,12,1,0
BRDA:212,13,0,0
BRDA:212,13,1,0
BRDA:223,14,0,0
BRDA:223,14,1,0
BRDA:250,15,0,0
BRDA:250,15,1,0
BRDA:251,16,0,0
BRDA:251,16,1,0
BRDA:252,17,0,0
BRDA:252,17,1,0
BRDA:258,18,0,0
BRDA:258,18,1,0
BRF:35
BRH:0
end_of_record
TN:
SF:src/commands/list.js
FN:14,getBranchInfo
FN:40,executeList
FN:47,(anonymous_2)
FN:52,(anonymous_3)
FN:54,(anonymous_4)
FN:59,(anonymous_5)
FN:63,(anonymous_6)
FN:72,(anonymous_7)
FN:73,(anonymous_8)
FN:82,formatBranchList
FN:121,configureListCommand
FN:128,(anonymous_11)
FNF:12
FNH:0
FNDA:0,getBranchInfo
FNDA:0,executeList
FNDA:0,(anonymous_2)
FNDA:0,(anonymous_3)
FNDA:0,(anonymous_4)
FNDA:0,(anonymous_5)
FNDA:0,(anonymous_6)
FNDA:0,(anonymous_7)
FNDA:0,(anonymous_8)
FNDA:0,formatBranchList
FNDA:0,configureListCommand
FNDA:0,(anonymous_11)
DA:5,0
DA:6,0
DA:15,0
DA:20,0
DA:41,0
DA:43,0
DA:44,0
DA:47,0
DA:50,0
DA:51,0
DA:52,0
DA:53,0
DA:54,0
DA:58,0
DA:59,0
DA:63,0
DA:64,0
DA:65,0
DA:68,0
DA:72,0
DA:73,0
DA:83,0
DA:86,0
DA:87,0
DA:88,0
DA:89,0
DA:90,0
DA:92,0
DA:93,0
DA:94,0
DA:98,0
DA:100,0
DA:101,0
DA:102,0
DA:104,0
DA:106,0
DA:107,0
DA:108,0
DA:111,0
DA:115,0
DA:122,0
DA:129,0
DA:130,0
DA:131,0
DA:134,0
DA:135,0
DA:136,0
DA:139,0
DA:140,0
DA:145,0
LF:50
LH:0
BRDA:22,0,0,0
BRDA:22,0,1,0
BRDA:41,1,0,0
BRDA:41,2,0,0
BRDA:41,3,0,0
BRDA:41,4,0,0
BRDA:51,5,0,0
BRDA:51,5,1,0
BRDA:53,6,0,0
BRDA:53,6,1,0
BRDA:64,7,0,0
BRDA:64,7,1,0
BRDA:65,8,0,0
BRDA:65,8,1,0
BRDA:92,9,0,0
BRDA:92,9,1,0
BRDA:101,10,0,0
BRDA:101,10,1,0
BRDA:102,11,0,0
BRDA:102,11,1,0
BRDA:106,12,0,0
BRDA:106,12,1,0
BRDA:108,13,0,0
BRDA:108,13,1,0
BRDA:134,14,0,0
BRDA:134,14,1,0
BRF:26
BRH:0
end_of_record
TN:
SF:src/commands/start.js
FN:22,executeStart
FN:60,configureStartCommand
FN:66,(anonymous_2)
FNF:3
FNH:0
FNDA:0,executeStart
FNDA:0,configureStartCommand
FNDA:0,(anonymous_2)
DA:5,0
DA:10,0
DA:11,0
DA:12,0
DA:23,0
DA:26,0
DA:27,0
DA:31,0
DA:34,0
DA:35,0
DA:36,0
DA:40,0
DA:41,0
DA:45,0
DA:47,0
DA:49,0
DA:61,0
DA:67,0
DA:68,0
DA:69,0
DA:70,0
DA:72,0
DA:73,0
DA:74,0
DA:76,0
DA:81,0
LF:26
LH:0
BRDA:23,0,0,0
BRDA:26,1,0,0
BRDA:26,1,1,0
BRDA:35,2,0,0
BRDA:35,2,1,0
BRDA:40,3,0,0
BRDA:40,3,1,0
BRDA:73,4,0,0
BRDA:73,4,1,0
BRF:9
BRH:0
end_of_record
TN:
SF:src/commands/status.js
FN:15,executeStatus
FN:34,(anonymous_1)
FN:54,generateSuggestions
FN:77,formatStatusReport
FN:125,configureStatusCommand
FN:129,(anonymous_5)
FNF:6
FNH:0
FNDA:0,executeStatus
FNDA:0,(anonymous_1)
FNDA:0,generateSuggestions
FNDA:0,formatStatusReport
FNDA:0,configureStatusCommand
FNDA:0,(anonymous_5)
DA:5,0
DA:6,0
DA:7,0
DA:16,0
DA:18,0
DA:24,0
DA:31,0
DA:34,0
DA:35,0
DA:38,0
DA:55,0
DA:57,0
DA:58,0
DA:61,0
DA:62,0
DA:65,0
DA:66,0
DA:69,0
DA:78,0
DA:81,0
DA:82,0
DA:83,0
DA:84,0
DA:87,0
DA:88,0
DA:89,0
DA:90,0
DA:91,0
DA:92,0
DA:95,0
DA:96,0
DA:97,0
DA:98,0
DA:99,0
DA:102,0
DA:103,0
DA:104,0
DA:105,0
DA:107,0
DA:111,0
DA:112,0
DA:113,0
DA:114,0
DA:116,0
DA:119,0
DA:126,0
DA:130,0
DA:131,0
DA:132,0
DA:134,0
DA:135,0
DA:140,0
LF:52
LH:0
BRDA:16,0,0,0
BRDA:35,1,0,0
BRDA:35,1,1,0
BRDA:57,2,0,0
BRDA:57,2,1,0
BRDA:61,3,0,0
BRDA:61,3,1,0
BRDA:65,4,0,0
BRDA:65,4,1,0
BRDA:65,5,0,0
BRDA:65,5,1,0
BRDA:102,6,0,0
BRDA:102,6,1,0
BRDA:111,7,0,0
BRDA:111,7,1,0
BRF:15
BRH:0
end_of_record
TN:
SF:src/core/branch-validator.js
FN:33,validateBranchType
FN:46,normalizeBranchName
FN:67,validateBranchName
FN:117,generateBranchName
FN:128,getBranchType
FNF:5
FNH:5
FNDA:9,validateBranchType
FNDA:18,normalizeBranchName
FNDA:11,validateBranchName
FNDA:3,generateBranchName
FNDA:3,getBranchType
DA:6,1
DA:11,1
DA:21,1
DA:34,9
DA:35,9
DA:36,2
DA:38,7
DA:48,18
DA:50,18
DA:52,18
DA:54,18
DA:56,18
DA:58,18
DA:68,11
DA:75,11
DA:76,1
DA:77,1
DA:78,1
DA:82,10
DA:83,10
DA:86,10
DA:87,23
DA:88,8
DA:90,8
DA:91,1
DA:92,1
DA:95,8
DA:100,2
DA:101,0
DA:102,0
DA:104,2
DA:105,2
DA:108,2
DA:118,3
DA:119,3
DA:120,3
DA:129,3
DA:130,3
DA:133,1
LF:39
LH:37
BRDA:35,0,0,2
BRDA:35,0,1,7
BRDA:67,1,0,9
BRDA:75,2,0,1
BRDA:75,2,1,10
BRDA:75,3,0,11
BRDA:75,3,1,10
BRDA:87,4,0,8
BRDA:87,4,1,15
BRDA:90,5,0,1
BRDA:90,5,1,7
BRDA:90,6,0,8
BRDA:90,6,1,2
BRDA:100,7,0,0
BRDA:100,7,1,2
BRF:15
BRH:14
end_of_record
TN:
SF:src/core/commit-validator.js
FN:59,validateCommitType
FN:72,parseCommitMessage
FN:128,validateCommitMessage
FN:196,getCommitTypes
FN:197,(anonymous_4)
FNF:5
FNH:5
FNDA:6,validateCommitType
FNDA:8,parseCommitMessage
FNDA:4,validateCommitMessage
FNDA:1,getCommitTypes
FNDA:11,(anonymous_4)
DA:6,1
DA:11,1
DA:28,1
DA:46,1
DA:51,1
DA:52,1
DA:60,6
DA:61,6
DA:62,2
DA:64,4
DA:73,8
DA:74,8
DA:76,8
DA:78,8
DA:79,3
DA:82,5
DA:85,5
DA:88,5
DA:90,5
DA:92,5
DA:93,1
DA:94,1
DA:95,3
DA:97,3
DA:98,0
DA:99,3
DA:100,1
DA:101,1
DA:102,1
DA:104,2
DA:105,0
DA:106,0
DA:107,0
DA:113,5
DA:129,4
DA:136,4
DA:137,1
DA:138,1
DA:139,1
DA:142,3
DA:143,3
DA:145,3
DA:146,1
DA:147,1
DA:148,1
DA:149,1
DA:150,1
DA:154,2
DA:155,2
DA:156,0
DA:157,0
DA:158,0
DA:162,2
DA:163,2
DA:164,0
DA:169,2
DA:170,0
DA:174,2
DA:175,1
DA:179,2
DA:180,0
DA:181,0
DA:182,0
DA:183,0
DA:184,0
DA:189,2
DA:197,11
DA:203,1
LF:68
LH:54
BRDA:61,0,0,2
BRDA:61,0,1,4
BRDA:78,1,0,3
BRDA:78,1,1,5
BRDA:92,2,0,1
BRDA:92,2,1,4
BRDA:97,3,0,0
BRDA:97,3,1,3
BRDA:99,4,0,1
BRDA:99,4,1,2
BRDA:99,5,0,3
BRDA:99,5,1,2
BRDA:101,6,0,1
BRDA:101,6,1,0
BRDA:104,7,0,0
BRDA:104,7,1,2
BRDA:106,8,0,0
BRDA:106,8,1,0
BRDA:115,9,0,5
BRDA:115,9,1,1
BRDA:136,10,0,1
BRDA:136,10,1,3
BRDA:136,11,0,4
BRDA:136,11,1,3
BRDA:145,12,0,1
BRDA:145,12,1,2
BRDA:155,13,0,0
BRDA:155,13,1,2
BRDA:162,14,0,2
BRDA:162,14,1,0
BRDA:163,15,0,0
BRDA:163,15,1,2
BRDA:169,16,0,0
BRDA:169,16,1,2
BRDA:174,17,0,1
BRDA:174,17,1,1
BRDA:179,18,0,0
BRDA:179,18,1,2
BRDA:182,19,0,0
BRDA:182,19,1,0
BRF:40
BRH:28
end_of_record
TN:
SF:src/core/errors.js
FN:54,createError
FNF:1
FNH:1
FNDA:4,createError
DA:5,2
DA:55,4
DA:56,4
DA:57,0
DA:60,4
DA:64,4
DA:65,4
DA:66,4
DA:67,4
DA:70,2
LF:10
LH:9
BRDA:54,0,0,0
BRDA:56,1,0,0
BRDA:56,1,1,4
BRDA:60,2,0,4
BRDA:60,2,1,0
BRF:5
BRH:2
end_of_record
TN:
SF:src/core/file-whitelist.js
FN:105,isTemporaryFile
FN:129,isTemporaryDir
FN:139,isPowerByDoc
FN:153,isProjectConfig
FN:167,isProjectDoc
FN:187,isSourceFile
FN:203,isTestFile
FN:236,validateFile
FN:316,validateFileList
FN:360,scanDirectory
FN:363,scan
FN:370,(anonymous_11)
FNF:12
FNH:9
FNDA:10,isTemporaryFile
FNDA:5,isTemporaryDir
FNDA:11,isPowerByDoc
FNDA:6,isProjectConfig
FNDA:2,isProjectDoc
FNDA:9,isSourceFile
FNDA:11,isTestFile
FNDA:8,validateFile
FNDA:1,validateFileList
FNDA:0,scanDirectory
FNDA:0,scan
FNDA:0,(anonymous_11)
DA:6,1
DA:7,1
DA:12,1
DA:33,1
DA:50,1
DA:61,1
DA:81,1
DA:92,1
DA:106,10
DA:107,10
DA:110,10
DA:111,72
DA:112,6
DA:117,4
DA:118,2
DA:121,2
DA:130,5
DA:131,5
DA:140,11
DA:141,27
DA:142,8
DA:145,3
DA:154,6
DA:155,44
DA:156,4
DA:159,2
DA:168,2
DA:170,2
DA:172,2
DA:173,2
DA:174,10
DA:175,0
DA:179,2
DA:188,9
DA:190,9
DA:191,28
DA:192,5
DA:195,4
DA:204,11
DA:205,11
DA:208,11
DA:216,11
DA:217,38
DA:218,5
DA:223,6
DA:224,6
DA:225,0
DA:228,6
DA:238,8
DA:241,8
DA:242,2
DA:250,6
DA:251,2
DA:258,4
DA:259,2
DA:266,2
DA:267,0
DA:274,2
DA:275,0
DA:283,2
DA:284,2
DA:292,0
DA:293,0
DA:294,0
DA:295,0
DA:304,0
DA:317,1
DA:318,1
DA:320,1
DA:321,4
DA:322,4
DA:323,3
DA:328,1
DA:335,1
DA:343,1
DA:344,3
DA:347,1
DA:361,0
DA:364,0
DA:366,0
DA:367,0
DA:370,0
DA:371,0
DA:372,0
DA:374,0
DA:377,0
DA:379,0
DA:380,0
DA:381,0
DA:382,0
DA:387,0
DA:388,0
DA:391,1
LF:93
LH:69
BRDA:111,0,0,6
BRDA:111,0,1,66
BRDA:111,1,0,72
BRDA:111,1,1,66
BRDA:117,2,0,2
BRDA:117,2,1,2
BRDA:117,3,0,4
BRDA:117,3,1,3
BRDA:141,4,0,8
BRDA:141,4,1,19
BRDA:155,5,0,4
BRDA:155,5,1,40
BRDA:172,6,0,2
BRDA:172,6,1,0
BRDA:172,7,0,2
BRDA:172,7,1,0
BRDA:174,8,0,0
BRDA:174,8,1,10
BRDA:191,9,0,5
BRDA:191,9,1,23
BRDA:191,10,0,28
BRDA:191,10,1,23
BRDA:217,11,0,5
BRDA:217,11,1,33
BRDA:224,12,0,0
BRDA:224,12,1,6
BRDA:241,13,0,2
BRDA:241,13,1,6
BRDA:250,14,0,2
BRDA:250,14,1,4
BRDA:258,15,0,2
BRDA:258,15,1,2
BRDA:266,16,0,0
BRDA:266,16,1,2
BRDA:274,17,0,0
BRDA:274,17,1,2
BRDA:283,18,0,2
BRDA:283,18,1,0
BRDA:294,19,0,0
BRDA:294,19,1,0
BRDA:322,20,0,3
BRDA:322,20,1,1
BRDA:344,21,0,3
BRDA:344,21,1,3
BRDA:360,22,0,0
BRDA:371,23,0,0
BRDA:371,23,1,0
BRDA:377,24,0,0
BRDA:377,24,1,0
BRDA:379,25,0,0
BRDA:379,25,1,0
BRDA:381,26,0,0
BRDA:381,26,1,0
BRF:53
BRH:35
end_of_record
TN:
SF:src/utils/git.js
FN:13,getGit
FN:22,getCurrentBranch
FN:33,getAllBranches
FN:44,getLocalBranches
FN:56,branchExists
FN:68,createBranch
FN:79,deleteBranch
FN:91,isBranchMerged
FN:108,getBranchStatus
FN:131,getFileStatus
FN:161,getLastCommit
FN:173,getMergedBranches
FN:201,isGitRepository
FNF:13
FNH:0
FNDA:0,getGit
FNDA:0,getCurrentBranch
FNDA:0,getAllBranches
FNDA:0,getLocalBranches
FNDA:0,branchExists
FNDA:0,createBranch
FNDA:0,deleteBranch
FNDA:0,isBranchMerged
FNDA:0,getBranchStatus
FNDA:0,getFileStatus
FNDA:0,getLastCommit
FNDA:0,getMergedBranches
FNDA:0,isGitRepository
DA:5,0
DA:6,0
DA:14,0
DA:23,0
DA:24,0
DA:25,0
DA:34,0
DA:35,0
DA:36,0
DA:45,0
DA:46,0
DA:47,0
DA:57,0
DA:58,0
DA:59,0
DA:69,0
DA:70,0
DA:80,0
DA:81,0
DA:92,0
DA:94,0
DA:96,0
DA:97,0
DA:99,0
DA:109,0
DA:110,0
DA:115,0
DA:132,0
DA:133,0
DA:135,0
DA:141,0
DA:142,0
DA:143,0
DA:144,0
DA:145,0
DA:146,0
DA:147,0
DA:148,0
DA:149,0
DA:153,0
DA:162,0
DA:163,0
DA:164,0
DA:174,0
DA:175,0
DA:177,0
DA:179,0
DA:180,0
DA:181,0
DA:183,0
DA:184,0
DA:185,0
DA:186,0
DA:193,0
DA:202,0
DA:203,0
DA:204,0
DA:205,0
DA:207,0
DA:211,0
LF:60
LH:0
BRDA:13,0,0,0
BRDA:22,1,0,0
BRDA:33,2,0,0
BRDA:44,3,0,0
BRDA:56,4,0,0
BRDA:59,5,0,0
BRDA:59,5,1,0
BRDA:68,6,0,0
BRDA:79,7,0,0
BRDA:91,8,0,0
BRDA:91,9,0,0
BRDA:108,10,0,0
BRDA:131,11,0,0
BRDA:131,12,0,0
BRDA:142,13,0,0
BRDA:142,13,1,0
BRDA:144,14,0,0
BRDA:144,14,1,0
BRDA:146,15,0,0
BRDA:146,15,1,0
BRDA:148,16,0,0
BRDA:148,16,1,0
BRDA:161,17,0,0
BRDA:173,18,0,0
BRDA:173,19,0,0
BRDA:180,20,0,0
BRDA:180,20,1,0
BRDA:181,21,0,0
BRDA:181,21,1,0
BRDA:185,22,0,0
BRDA:185,22,1,0
BRDA:201,23,0,0
BRF:32
BRH:0
end_of_record
